<?xml version="1.0" encoding="UTF-8"?>
<robot generator="Robot 4.0.1 (Python 3.9.4 on darwin)" generated="20210426 11:22:36.222" rpa="false" schemaversion="2">
<suite id="s1" name="MyTest" source="/Users/marco/PycharmProjects/RobotFramework_TM/08_06/tests/MyTest.robot">
<kw name="Insert Testing data" library="Common" type="SETUP">
<kw name="Log" library="BuiltIn">
<arg>I am setting up the test data</arg>
<doc>Logs the given message with the given level.</doc>
<msg timestamp="20210426 11:22:37.679" level="INFO">I am setting up the test data</msg>
<status status="PASS" starttime="20210426 11:22:37.679" endtime="20210426 11:22:37.679"/>
</kw>
<status status="PASS" starttime="20210426 11:22:37.678" endtime="20210426 11:22:37.679"/>
</kw>
<test id="s1-t1" name="Check TEAM">
<kw name="Begin Web Test" library="Common" type="SETUP">
<kw name="Open Browser" library="SeleniumLibrary">
<arg>${Blank}</arg>
<arg>${BROWSER}</arg>
<doc>Opens a new browser instance to the optional ``url``.</doc>
<msg timestamp="20210426 11:22:37.682" level="INFO">Opening browser 'Chrome' to base url 'about:blank'.</msg>
<status status="PASS" starttime="20210426 11:22:37.681" endtime="20210426 11:22:45.901"/>
</kw>
<status status="PASS" starttime="20210426 11:22:37.681" endtime="20210426 11:22:45.903"/>
</kw>
<kw name="Check Team" library="MyTestApp">
<doc>Open Team and Verify</doc>
<kw name="Log" library="BuiltIn">
<arg>Load and Verify</arg>
<doc>Logs the given message with the given level.</doc>
<msg timestamp="20210426 11:22:45.911" level="INFO">Load and Verify</msg>
<status status="PASS" starttime="20210426 11:22:45.910" endtime="20210426 11:22:45.911"/>
</kw>
<kw name="Load" library="LandingPage">
<kw name="Go To" library="SeleniumLibrary">
<arg>${URL}</arg>
<doc>Navigates the current browser window to the provided ``url``.</doc>
<msg timestamp="20210426 11:22:45.913" level="INFO">Opening url 'http://www.robotframeworktutorial.com/front-office'</msg>
<status status="PASS" starttime="20210426 11:22:45.912" endtime="20210426 11:22:52.322"/>
</kw>
<status status="PASS" starttime="20210426 11:22:45.911" endtime="20210426 11:22:52.322"/>
</kw>
<kw name="Verify" library="LandingPage">
<kw name="Wait Until Page Contains" library="SeleniumLibrary">
<arg>${LandingPageVerificationString1}</arg>
<doc>Waits until ``text`` appears on the current page.</doc>
<status status="PASS" starttime="20210426 11:22:52.323" endtime="20210426 11:22:52.341"/>
</kw>
<kw name="Wait Until Page Contains" library="SeleniumLibrary">
<arg>${LandingPageVerificationString2}</arg>
<doc>Waits until ``text`` appears on the current page.</doc>
<status status="PASS" starttime="20210426 11:22:52.341" endtime="20210426 11:22:52.356"/>
</kw>
<kw name="Wait Until Page Contains Element" library="SeleniumLibrary">
<arg>${LandingPageVerificationElement}</arg>
<doc>Waits until the element ``locator`` appears on the current page.</doc>
<status status="PASS" starttime="20210426 11:22:52.357" endtime="20210426 11:22:52.369"/>
</kw>
<status status="PASS" starttime="20210426 11:22:52.323" endtime="20210426 11:22:52.369"/>
</kw>
<kw name="Sleep" library="BuiltIn">
<arg>2s</arg>
<doc>Pauses the test executed for the given time.</doc>
<msg timestamp="20210426 11:22:54.370" level="INFO">Slept 2 seconds</msg>
<status status="PASS" starttime="20210426 11:22:52.370" endtime="20210426 11:22:54.371"/>
</kw>
<kw name="Log" library="BuiltIn">
<arg>Check for Team Tab</arg>
<doc>Logs the given message with the given level.</doc>
<msg timestamp="20210426 11:22:54.372" level="INFO">Check for Team Tab</msg>
<status status="PASS" starttime="20210426 11:22:54.371" endtime="20210426 11:22:54.372"/>
</kw>
<kw name="Check Team" library="TopMenu">
<kw name="Page Should Contain Link" library="SeleniumLibrary">
<arg>${TeamTab}</arg>
<doc>Verifies link identified by ``locator`` is found from current page.</doc>
<msg timestamp="20210426 11:22:54.396" level="INFO">Current page contains link 'xpath=//a[@href="#team"]'.</msg>
<status status="PASS" starttime="20210426 11:22:54.374" endtime="20210426 11:22:54.396"/>
</kw>
<status status="PASS" starttime="20210426 11:22:54.373" endtime="20210426 11:22:54.396"/>
</kw>
<kw name="Log" library="BuiltIn">
<arg>Open Team and Verify</arg>
<doc>Logs the given message with the given level.</doc>
<msg timestamp="20210426 11:22:54.397" level="INFO">Open Team and Verify</msg>
<status status="PASS" starttime="20210426 11:22:54.396" endtime="20210426 11:22:54.397"/>
</kw>
<kw name="Open Team Page" library="TeamPage">
<kw name="Click Link" library="SeleniumLibrary">
<arg>${TeamTab}</arg>
<doc>Clicks a link identified by ``locator``.</doc>
<msg timestamp="20210426 11:22:54.398" level="INFO">Clicking link 'xpath=//a[@href="#team"]'.</msg>
<status status="PASS" starttime="20210426 11:22:54.397" endtime="20210426 11:22:54.453"/>
</kw>
<kw name="Sleep" library="BuiltIn">
<arg>2s</arg>
<doc>Pauses the test executed for the given time.</doc>
<msg timestamp="20210426 11:22:56.454" level="INFO">Slept 2 seconds</msg>
<status status="PASS" starttime="20210426 11:22:54.453" endtime="20210426 11:22:56.455"/>
</kw>
<status status="PASS" starttime="20210426 11:22:54.397" endtime="20210426 11:22:56.455"/>
</kw>
<kw name="Verify Team Page" library="TeamPage">
<kw name="Page Should Contain" library="SeleniumLibrary">
<arg>${TeamBanner}</arg>
<doc>Verifies that current page contains ``text``.</doc>
<msg timestamp="20210426 11:22:56.480" level="INFO">Current page contains text 'Our Amazing Team'.</msg>
<status status="PASS" starttime="20210426 11:22:56.457" endtime="20210426 11:22:56.480"/>
</kw>
<kw name="Page Should Contain" library="SeleniumLibrary">
<arg>${TeamMotto}</arg>
<doc>Verifies that current page contains ``text``.</doc>
<msg timestamp="20210426 11:22:56.499" level="INFO">Current page contains text 'Lorem ipsum dolor sit amet consectetur.'.</msg>
<status status="PASS" starttime="20210426 11:22:56.481" endtime="20210426 11:22:56.499"/>
</kw>
<kw name="Element Text Should Be" library="SeleniumLibrary">
<arg>${TeamBannerElement}</arg>
<arg>${TeamBannerText}</arg>
<doc>Verifies that element ``locator`` contains exact the text ``expected``.</doc>
<msg timestamp="20210426 11:22:56.500" level="INFO">Verifying element 'css=#team &gt; div &gt; div:nth-child(1) &gt; div &gt; h2' contains exact text 'OUR AMAZING TEAM'.</msg>
<status status="PASS" starttime="20210426 11:22:56.499" endtime="20210426 11:22:56.526"/>
</kw>
<kw name="Get Text" library="SeleniumLibrary">
<var>${TeamBannerElementText}</var>
<arg>${TeamBannerElement}</arg>
<doc>Returns the text value of the element identified by ``locator``.</doc>
<msg timestamp="20210426 11:22:56.543" level="INFO">${TeamBannerElementText} = OUR AMAZING TEAM</msg>
<status status="PASS" starttime="20210426 11:22:56.526" endtime="20210426 11:22:56.544"/>
</kw>
<kw name="Should Be Equal As Strings" library="BuiltIn">
<arg>${TeamBannerElementText}</arg>
<arg>${TeamBannerText}</arg>
<arg>ignore_case=True</arg>
<doc>Fails if objects are unequal after converting them to strings.</doc>
<status status="PASS" starttime="20210426 11:22:56.544" endtime="20210426 11:22:56.545"/>
</kw>
<kw name="Should Be Equal As Strings" library="BuiltIn">
<arg>${TeamBannerElementText}</arg>
<arg>${TeamBanner}</arg>
<arg>ignore_case=True</arg>
<doc>Fails if objects are unequal after converting them to strings.</doc>
<status status="PASS" starttime="20210426 11:22:56.545" endtime="20210426 11:22:56.546"/>
</kw>
<status status="PASS" starttime="20210426 11:22:56.456" endtime="20210426 11:22:56.546"/>
</kw>
<kw name="Sleep" library="BuiltIn">
<arg>2s</arg>
<doc>Pauses the test executed for the given time.</doc>
<msg timestamp="20210426 11:22:58.548" level="INFO">Slept 2 seconds</msg>
<status status="PASS" starttime="20210426 11:22:56.546" endtime="20210426 11:22:58.548"/>
</kw>
<status status="PASS" starttime="20210426 11:22:45.908" endtime="20210426 11:22:58.549"/>
</kw>
<kw name="End Web Test" library="Common" type="TEARDOWN">
<kw name="Close Browser" library="SeleniumLibrary">
<doc>Closes the current browser.</doc>
<status status="PASS" starttime="20210426 11:22:58.551" endtime="20210426 11:22:59.141"/>
</kw>
<status status="PASS" starttime="20210426 11:22:58.550" endtime="20210426 11:22:59.141"/>
</kw>
<doc>Open and check the Team page of the Robot Framework tutorial web site</doc>
<tag>T3</tag>
<status status="PASS" starttime="20210426 11:22:37.680" endtime="20210426 11:22:59.142"/>
</test>
<kw name="Cleanup Testing data" library="Common" type="TEARDOWN">
<kw name="Log" library="BuiltIn">
<arg>I am cleaning up the test data(base)</arg>
<doc>Logs the given message with the given level.</doc>
<msg timestamp="20210426 11:22:59.145" level="INFO">I am cleaning up the test data(base)</msg>
<status status="PASS" starttime="20210426 11:22:59.144" endtime="20210426 11:22:59.145"/>
</kw>
<status status="PASS" starttime="20210426 11:22:59.144" endtime="20210426 11:22:59.145"/>
</kw>
<doc>Practice Robot with the Robot Framework Tutorial Web Site</doc>
<status status="PASS" starttime="20210426 11:22:36.225" endtime="20210426 11:22:59.145"/>
</suite>
<statistics>
<total>
<stat pass="1" fail="0" skip="0">All Tests</stat>
</total>
<tag>
<stat pass="1" fail="0" skip="0">T3</stat>
</tag>
<suite>
<stat pass="1" fail="0" skip="0" id="s1" name="MyTest">MyTest</stat>
</suite>
</statistics>
<errors>
</errors>
</robot>
