<?xml version="1.0" encoding="UTF-8"?>
<robot generator="Robot 4.0.1 (Python 3.9.4 on darwin)" generated="20210426 10:11:22.132" rpa="false" schemaversion="2">
<suite id="s1" name="MyTest" source="/Users/marco/PycharmProjects/RobotFramework_TM/08_04/tests/MyTest.robot">
<kw name="Insert Testing data" library="Common" type="SETUP">
<kw name="Log" library="BuiltIn">
<arg>I am setting up the test data</arg>
<doc>Logs the given message with the given level.</doc>
<msg timestamp="20210426 10:11:23.197" level="INFO">I am setting up the test data</msg>
<status status="PASS" starttime="20210426 10:11:23.196" endtime="20210426 10:11:23.197"/>
</kw>
<status status="PASS" starttime="20210426 10:11:23.196" endtime="20210426 10:11:23.197"/>
</kw>
<test id="s1-t1" name="Browser loaded URL">
<kw name="Begin Web Test" library="Common" type="SETUP">
<kw name="Open Browser" library="SeleniumLibrary">
<arg>${Blank}</arg>
<arg>${BROWSER}</arg>
<doc>Opens a new browser instance to the optional ``url``.</doc>
<msg timestamp="20210426 10:11:23.200" level="INFO">Opening browser 'Chrome' to base url 'about:blank'.</msg>
<status status="PASS" starttime="20210426 10:11:23.200" endtime="20210426 10:11:36.360"/>
</kw>
<status status="PASS" starttime="20210426 10:11:23.199" endtime="20210426 10:11:36.360"/>
</kw>
<kw name="Check RFT Webpage responds" library="MyTestApp">
<doc>Load and Verify</doc>
<kw name="Log" library="BuiltIn">
<arg>Load and Verify</arg>
<doc>Logs the given message with the given level.</doc>
<msg timestamp="20210426 10:11:36.363" level="INFO">Load and Verify</msg>
<status status="PASS" starttime="20210426 10:11:36.362" endtime="20210426 10:11:36.363"/>
</kw>
<kw name="Load" library="LandingPage">
<kw name="Go To" library="SeleniumLibrary">
<arg>${URL}</arg>
<doc>Navigates the current browser window to the provided ``url``.</doc>
<msg timestamp="20210426 10:11:36.364" level="INFO">Opening url 'http://www.robotframeworktutorial.com/front-office'</msg>
<status status="PASS" starttime="20210426 10:11:36.363" endtime="20210426 10:11:45.108"/>
</kw>
<status status="PASS" starttime="20210426 10:11:36.363" endtime="20210426 10:11:45.109"/>
</kw>
<kw name="Verify" library="LandingPage">
<kw name="Wait Until Page Contains" library="SeleniumLibrary">
<arg>${LandingPageVerificationString1}</arg>
<doc>Waits until ``text`` appears on the current page.</doc>
<status status="PASS" starttime="20210426 10:11:45.110" endtime="20210426 10:11:45.198"/>
</kw>
<kw name="Wait Until Page Contains" library="SeleniumLibrary">
<arg>${LandingPageVerificationString2}</arg>
<doc>Waits until ``text`` appears on the current page.</doc>
<status status="PASS" starttime="20210426 10:11:45.198" endtime="20210426 10:11:45.212"/>
</kw>
<status status="PASS" starttime="20210426 10:11:45.109" endtime="20210426 10:11:45.213"/>
</kw>
<kw name="Sleep" library="BuiltIn">
<arg>2s</arg>
<doc>Pauses the test executed for the given time.</doc>
<msg timestamp="20210426 10:11:47.214" level="INFO">Slept 2 seconds</msg>
<status status="PASS" starttime="20210426 10:11:45.213" endtime="20210426 10:11:47.215"/>
</kw>
<status status="PASS" starttime="20210426 10:11:36.361" endtime="20210426 10:11:47.215"/>
</kw>
<kw name="End Web Test" library="Common" type="TEARDOWN">
<kw name="Close Browser" library="SeleniumLibrary">
<doc>Closes the current browser.</doc>
<status status="PASS" starttime="20210426 10:11:47.217" endtime="20210426 10:11:47.714"/>
</kw>
<status status="PASS" starttime="20210426 10:11:47.216" endtime="20210426 10:11:47.715"/>
</kw>
<doc>Open Robot Framework tutorial web site</doc>
<tag>T1</tag>
<status status="PASS" starttime="20210426 10:11:23.197" endtime="20210426 10:11:47.715"/>
</test>
<test id="s1-t2" name="Check top menu is available">
<kw name="Begin Web Test" library="Common" type="SETUP">
<kw name="Open Browser" library="SeleniumLibrary">
<arg>${Blank}</arg>
<arg>${BROWSER}</arg>
<doc>Opens a new browser instance to the optional ``url``.</doc>
<msg timestamp="20210426 10:11:47.733" level="INFO">Opening browser 'Chrome' to base url 'about:blank'.</msg>
<status status="PASS" starttime="20210426 10:11:47.732" endtime="20210426 10:11:53.059"/>
</kw>
<status status="PASS" starttime="20210426 10:11:47.731" endtime="20210426 10:11:53.059"/>
</kw>
<kw name="Check RFT TopMenu" library="MyTestApp">
<doc>Find Top Menu</doc>
<kw name="Log" library="BuiltIn">
<arg>Load and Verify</arg>
<doc>Logs the given message with the given level.</doc>
<msg timestamp="20210426 10:11:53.061" level="INFO">Load and Verify</msg>
<status status="PASS" starttime="20210426 10:11:53.061" endtime="20210426 10:11:53.061"/>
</kw>
<kw name="Load" library="LandingPage">
<kw name="Go To" library="SeleniumLibrary">
<arg>${URL}</arg>
<doc>Navigates the current browser window to the provided ``url``.</doc>
<msg timestamp="20210426 10:11:53.062" level="INFO">Opening url 'http://www.robotframeworktutorial.com/front-office'</msg>
<status status="PASS" starttime="20210426 10:11:53.062" endtime="20210426 10:11:57.364"/>
</kw>
<status status="PASS" starttime="20210426 10:11:53.061" endtime="20210426 10:11:57.364"/>
</kw>
<kw name="Verify" library="LandingPage">
<kw name="Wait Until Page Contains" library="SeleniumLibrary">
<arg>${LandingPageVerificationString1}</arg>
<doc>Waits until ``text`` appears on the current page.</doc>
<status status="PASS" starttime="20210426 10:11:57.365" endtime="20210426 10:11:57.382"/>
</kw>
<kw name="Wait Until Page Contains" library="SeleniumLibrary">
<arg>${LandingPageVerificationString2}</arg>
<doc>Waits until ``text`` appears on the current page.</doc>
<status status="PASS" starttime="20210426 10:11:57.382" endtime="20210426 10:11:57.396"/>
</kw>
<status status="PASS" starttime="20210426 10:11:57.365" endtime="20210426 10:11:57.397"/>
</kw>
<kw name="Sleep" library="BuiltIn">
<arg>2s</arg>
<doc>Pauses the test executed for the given time.</doc>
<msg timestamp="20210426 10:11:59.400" level="INFO">Slept 2 seconds</msg>
<status status="PASS" starttime="20210426 10:11:57.397" endtime="20210426 10:11:59.400"/>
</kw>
<kw name="Log" library="BuiltIn">
<arg>Find Top Menu</arg>
<doc>Logs the given message with the given level.</doc>
<msg timestamp="20210426 10:11:59.401" level="INFO">Find Top Menu</msg>
<status status="PASS" starttime="20210426 10:11:59.401" endtime="20210426 10:11:59.402"/>
</kw>
<kw name="Check Services" library="TopMenu">
<kw name="Page Should Contain Link" library="SeleniumLibrary">
<arg>${ServicesTab}</arg>
<doc>Verifies link identified by ``locator`` is found from current page.</doc>
<msg timestamp="20210426 10:11:59.462" level="INFO">Current page contains link 'xpath=//a[@href="#services"]'.</msg>
<status status="PASS" starttime="20210426 10:11:59.403" endtime="20210426 10:11:59.462"/>
</kw>
<status status="PASS" starttime="20210426 10:11:59.402" endtime="20210426 10:11:59.463"/>
</kw>
<kw name="Check Portfolio" library="TopMenu">
<kw name="Page Should Contain Link" library="SeleniumLibrary">
<arg>${PortfolioTab}</arg>
<doc>Verifies link identified by ``locator`` is found from current page.</doc>
<msg timestamp="20210426 10:11:59.481" level="INFO">Current page contains link 'xpath=//a[@href="#portfolio"]'.</msg>
<status status="PASS" starttime="20210426 10:11:59.464" endtime="20210426 10:11:59.481"/>
</kw>
<status status="PASS" starttime="20210426 10:11:59.463" endtime="20210426 10:11:59.482"/>
</kw>
<kw name="Check About" library="TopMenu">
<kw name="Page Should Contain Link" library="SeleniumLibrary">
<arg>${AboutTab}</arg>
<doc>Verifies link identified by ``locator`` is found from current page.</doc>
<msg timestamp="20210426 10:11:59.500" level="INFO">Current page contains link 'xpath=//a[@href="#about"]'.</msg>
<status status="PASS" starttime="20210426 10:11:59.482" endtime="20210426 10:11:59.500"/>
</kw>
<status status="PASS" starttime="20210426 10:11:59.482" endtime="20210426 10:11:59.500"/>
</kw>
<kw name="Check Team" library="TopMenu">
<kw name="Page Should Contain Link" library="SeleniumLibrary">
<arg>${TeamTab}</arg>
<doc>Verifies link identified by ``locator`` is found from current page.</doc>
<msg timestamp="20210426 10:11:59.519" level="INFO">Current page contains link 'xpath=//a[@href="#team"]'.</msg>
<status status="PASS" starttime="20210426 10:11:59.501" endtime="20210426 10:11:59.519"/>
</kw>
<status status="PASS" starttime="20210426 10:11:59.500" endtime="20210426 10:11:59.519"/>
</kw>
<kw name="Check Contact" library="TopMenu">
<kw name="Page Should Contain Link" library="SeleniumLibrary">
<arg>${ContactTab}</arg>
<doc>Verifies link identified by ``locator`` is found from current page.</doc>
<msg timestamp="20210426 10:11:59.537" level="INFO">Current page contains link 'xpath=//a[@href="#contact"]'.</msg>
<status status="PASS" starttime="20210426 10:11:59.520" endtime="20210426 10:11:59.537"/>
</kw>
<status status="PASS" starttime="20210426 10:11:59.520" endtime="20210426 10:11:59.537"/>
</kw>
<kw name="Sleep" library="BuiltIn">
<arg>2s</arg>
<doc>Pauses the test executed for the given time.</doc>
<msg timestamp="20210426 10:12:01.539" level="INFO">Slept 2 seconds</msg>
<status status="PASS" starttime="20210426 10:11:59.538" endtime="20210426 10:12:01.540"/>
</kw>
<status status="PASS" starttime="20210426 10:11:53.060" endtime="20210426 10:12:01.540"/>
</kw>
<kw name="End Web Test" library="Common" type="TEARDOWN">
<kw name="Close Browser" library="SeleniumLibrary">
<doc>Closes the current browser.</doc>
<status status="PASS" starttime="20210426 10:12:01.543" endtime="20210426 10:12:02.143"/>
</kw>
<status status="PASS" starttime="20210426 10:12:01.541" endtime="20210426 10:12:02.144"/>
</kw>
<doc>Check the Top Menue of the Robot Framework tutorial web page</doc>
<tag>T2</tag>
<status status="PASS" starttime="20210426 10:11:47.729" endtime="20210426 10:12:02.144"/>
</test>
<test id="s1-t3" name="Check TEAM">
<kw name="Begin Web Test" library="Common" type="SETUP">
<kw name="Open Browser" library="SeleniumLibrary">
<arg>${Blank}</arg>
<arg>${BROWSER}</arg>
<doc>Opens a new browser instance to the optional ``url``.</doc>
<msg timestamp="20210426 10:12:02.147" level="INFO">Opening browser 'Chrome' to base url 'about:blank'.</msg>
<status status="PASS" starttime="20210426 10:12:02.146" endtime="20210426 10:12:06.447"/>
</kw>
<status status="PASS" starttime="20210426 10:12:02.146" endtime="20210426 10:12:06.448"/>
</kw>
<kw name="Check Team" library="MyTestApp">
<doc>Open Team and Verify</doc>
<kw name="Log" library="BuiltIn">
<arg>Load and Verify</arg>
<doc>Logs the given message with the given level.</doc>
<msg timestamp="20210426 10:12:06.449" level="INFO">Load and Verify</msg>
<status status="PASS" starttime="20210426 10:12:06.449" endtime="20210426 10:12:06.450"/>
</kw>
<kw name="Load" library="LandingPage">
<kw name="Go To" library="SeleniumLibrary">
<arg>${URL}</arg>
<doc>Navigates the current browser window to the provided ``url``.</doc>
<msg timestamp="20210426 10:12:06.451" level="INFO">Opening url 'http://www.robotframeworktutorial.com/front-office'</msg>
<status status="PASS" starttime="20210426 10:12:06.450" endtime="20210426 10:12:11.598"/>
</kw>
<status status="PASS" starttime="20210426 10:12:06.450" endtime="20210426 10:12:11.598"/>
</kw>
<kw name="Verify" library="LandingPage">
<kw name="Wait Until Page Contains" library="SeleniumLibrary">
<arg>${LandingPageVerificationString1}</arg>
<doc>Waits until ``text`` appears on the current page.</doc>
<status status="PASS" starttime="20210426 10:12:11.599" endtime="20210426 10:12:11.615"/>
</kw>
<kw name="Wait Until Page Contains" library="SeleniumLibrary">
<arg>${LandingPageVerificationString2}</arg>
<doc>Waits until ``text`` appears on the current page.</doc>
<status status="PASS" starttime="20210426 10:12:11.616" endtime="20210426 10:12:11.631"/>
</kw>
<status status="PASS" starttime="20210426 10:12:11.598" endtime="20210426 10:12:11.631"/>
</kw>
<kw name="Sleep" library="BuiltIn">
<arg>2s</arg>
<doc>Pauses the test executed for the given time.</doc>
<msg timestamp="20210426 10:12:13.632" level="INFO">Slept 2 seconds</msg>
<status status="PASS" starttime="20210426 10:12:11.631" endtime="20210426 10:12:13.632"/>
</kw>
<kw name="Log" library="BuiltIn">
<arg>Check for Team Tab</arg>
<doc>Logs the given message with the given level.</doc>
<msg timestamp="20210426 10:12:13.633" level="INFO">Check for Team Tab</msg>
<status status="PASS" starttime="20210426 10:12:13.633" endtime="20210426 10:12:13.634"/>
</kw>
<kw name="Check Team" library="TopMenu">
<kw name="Page Should Contain Link" library="SeleniumLibrary">
<arg>${TeamTab}</arg>
<doc>Verifies link identified by ``locator`` is found from current page.</doc>
<msg timestamp="20210426 10:12:13.657" level="INFO">Current page contains link 'xpath=//a[@href="#team"]'.</msg>
<status status="PASS" starttime="20210426 10:12:13.635" endtime="20210426 10:12:13.657"/>
</kw>
<status status="PASS" starttime="20210426 10:12:13.634" endtime="20210426 10:12:13.657"/>
</kw>
<kw name="Log" library="BuiltIn">
<arg>Open Team and Verify</arg>
<doc>Logs the given message with the given level.</doc>
<msg timestamp="20210426 10:12:13.658" level="INFO">Open Team and Verify</msg>
<status status="PASS" starttime="20210426 10:12:13.657" endtime="20210426 10:12:13.658"/>
</kw>
<kw name="Open Team Page" library="TeamPage">
<kw name="Click Link" library="SeleniumLibrary">
<arg>${TeamTab}</arg>
<doc>Clicks a link identified by ``locator``.</doc>
<msg timestamp="20210426 10:12:13.659" level="INFO">Clicking link 'xpath=//a[@href="#team"]'.</msg>
<status status="PASS" starttime="20210426 10:12:13.658" endtime="20210426 10:12:13.855"/>
</kw>
<kw name="Sleep" library="BuiltIn">
<arg>2s</arg>
<doc>Pauses the test executed for the given time.</doc>
<msg timestamp="20210426 10:12:15.858" level="INFO">Slept 2 seconds</msg>
<status status="PASS" starttime="20210426 10:12:13.856" endtime="20210426 10:12:15.859"/>
</kw>
<status status="PASS" starttime="20210426 10:12:13.658" endtime="20210426 10:12:15.860"/>
</kw>
<kw name="Verify Team Page" library="TeamPage">
<kw name="Page Should Contain" library="SeleniumLibrary">
<arg>${TeamBanner}</arg>
<doc>Verifies that current page contains ``text``.</doc>
<msg timestamp="20210426 10:12:15.889" level="INFO">Current page contains text 'Our Amazing Team'.</msg>
<status status="PASS" starttime="20210426 10:12:15.861" endtime="20210426 10:12:15.890"/>
</kw>
<kw name="Page Should Contain" library="SeleniumLibrary">
<arg>${TeamMotto}</arg>
<doc>Verifies that current page contains ``text``.</doc>
<msg timestamp="20210426 10:12:15.915" level="INFO">Current page contains text 'Lorem ipsum dolor sit amet consectetur.'.</msg>
<status status="PASS" starttime="20210426 10:12:15.890" endtime="20210426 10:12:15.915"/>
</kw>
<status status="PASS" starttime="20210426 10:12:15.860" endtime="20210426 10:12:15.916"/>
</kw>
<kw name="Sleep" library="BuiltIn">
<arg>2s</arg>
<doc>Pauses the test executed for the given time.</doc>
<msg timestamp="20210426 10:12:17.919" level="INFO">Slept 2 seconds</msg>
<status status="PASS" starttime="20210426 10:12:15.916" endtime="20210426 10:12:17.919"/>
</kw>
<status status="PASS" starttime="20210426 10:12:06.448" endtime="20210426 10:12:17.920"/>
</kw>
<kw name="End Web Test" library="Common" type="TEARDOWN">
<kw name="Close Browser" library="SeleniumLibrary">
<doc>Closes the current browser.</doc>
<status status="PASS" starttime="20210426 10:12:17.922" endtime="20210426 10:12:18.214"/>
</kw>
<status status="PASS" starttime="20210426 10:12:17.921" endtime="20210426 10:12:18.214"/>
</kw>
<doc>Open and check the Team page of the Robot Framework tutorial web site</doc>
<tag>T3</tag>
<status status="PASS" starttime="20210426 10:12:02.145" endtime="20210426 10:12:18.214"/>
</test>
<kw name="Cleanup Testing data" library="Common" type="TEARDOWN">
<kw name="Log" library="BuiltIn">
<arg>I am cleaning up the test data(base)</arg>
<doc>Logs the given message with the given level.</doc>
<msg timestamp="20210426 10:12:18.217" level="INFO">I am cleaning up the test data(base)</msg>
<status status="PASS" starttime="20210426 10:12:18.217" endtime="20210426 10:12:18.217"/>
</kw>
<status status="PASS" starttime="20210426 10:12:18.216" endtime="20210426 10:12:18.217"/>
</kw>
<doc>Practice Robot with the Robot Framework Tutorial Web Site</doc>
<status status="PASS" starttime="20210426 10:11:22.136" endtime="20210426 10:12:18.217"/>
</suite>
<statistics>
<total>
<stat pass="3" fail="0" skip="0">All Tests</stat>
</total>
<tag>
<stat pass="1" fail="0" skip="0">T1</stat>
<stat pass="1" fail="0" skip="0">T2</stat>
<stat pass="1" fail="0" skip="0">T3</stat>
</tag>
<suite>
<stat pass="3" fail="0" skip="0" id="s1" name="MyTest">MyTest</stat>
</suite>
</statistics>
<errors>
</errors>
</robot>
