<?xml version="1.0" encoding="UTF-8"?>
<robot generator="Robot 4.0.1 (Python 3.9.4 on darwin)" generated="20210424 20:38:27.924" rpa="false" schemaversion="2">
<suite id="s1" name="MyTest" source="/Users/marco/PycharmProjects/RobotFramework_TM/08_02/tests/MyTest.robot">
<kw name="Insert Testing data" library="Common" type="SETUP">
<kw name="Log" library="BuiltIn">
<arg>I am setting up the test data</arg>
<doc>Logs the given message with the given level.</doc>
<msg timestamp="20210424 20:38:29.081" level="INFO">I am setting up the test data</msg>
<status status="PASS" starttime="20210424 20:38:29.081" endtime="20210424 20:38:29.081"/>
</kw>
<status status="PASS" starttime="20210424 20:38:29.080" endtime="20210424 20:38:29.082"/>
</kw>
<test id="s1-t1" name="Browser loaded URL">
<kw name="Begin Web Test" library="Common" type="SETUP">
<kw name="Open Browser" library="SeleniumLibrary">
<arg>${Blank}</arg>
<arg>${Browser}</arg>
<doc>Opens a new browser instance to the optional ``url``.</doc>
<msg timestamp="20210424 20:38:29.085" level="INFO">Opening browser 'Chrome' to base url 'about:blank'.</msg>
<status status="PASS" starttime="20210424 20:38:29.084" endtime="20210424 20:38:41.160"/>
</kw>
<status status="PASS" starttime="20210424 20:38:29.083" endtime="20210424 20:38:41.161"/>
</kw>
<kw name="Check RFT Webpage responds" library="MyTestApp">
<kw name="Load" library="LandingPage">
<kw name="Go To" library="SeleniumLibrary">
<arg>${URL}</arg>
<doc>Navigates the current browser window to the provided ``url``.</doc>
<msg timestamp="20210424 20:38:41.163" level="INFO">Opening url 'http://www.robotframeworktutorial.com/front-office'</msg>
<status status="PASS" starttime="20210424 20:38:41.163" endtime="20210424 20:38:52.129"/>
</kw>
<status status="PASS" starttime="20210424 20:38:41.162" endtime="20210424 20:38:52.129"/>
</kw>
<kw name="Verify" library="LandingPage">
<kw name="Wait Until Page Contains" library="SeleniumLibrary">
<arg>${LandingPageVerificationString1}</arg>
<doc>Waits until ``text`` appears on the current page.</doc>
<status status="PASS" starttime="20210424 20:38:52.130" endtime="20210424 20:38:52.150"/>
</kw>
<kw name="Wait Until Page Contains" library="SeleniumLibrary">
<arg>${LandingPageVerificationString2}</arg>
<doc>Waits until ``text`` appears on the current page.</doc>
<status status="PASS" starttime="20210424 20:38:52.150" endtime="20210424 20:38:52.165"/>
</kw>
<status status="PASS" starttime="20210424 20:38:52.129" endtime="20210424 20:38:52.166"/>
</kw>
<kw name="Sleep" library="BuiltIn">
<arg>2s</arg>
<doc>Pauses the test executed for the given time.</doc>
<msg timestamp="20210424 20:38:54.167" level="INFO">Slept 2 seconds</msg>
<status status="PASS" starttime="20210424 20:38:52.166" endtime="20210424 20:38:54.167"/>
</kw>
<status status="PASS" starttime="20210424 20:38:41.161" endtime="20210424 20:38:54.168"/>
</kw>
<kw name="End Web Test" library="Common" type="TEARDOWN">
<kw name="Close Browser" library="SeleniumLibrary">
<doc>Closes the current browser.</doc>
<status status="PASS" starttime="20210424 20:38:54.170" endtime="20210424 20:38:54.977"/>
</kw>
<status status="PASS" starttime="20210424 20:38:54.169" endtime="20210424 20:38:54.977"/>
</kw>
<doc>Practice Robot Framework on the tutorial web site</doc>
<status status="PASS" starttime="20210424 20:38:29.082" endtime="20210424 20:38:54.978"/>
</test>
<test id="s1-t2" name="Check top menu is available">
<kw name="Begin Web Test" library="Common" type="SETUP">
<kw name="Open Browser" library="SeleniumLibrary">
<arg>${Blank}</arg>
<arg>${Browser}</arg>
<doc>Opens a new browser instance to the optional ``url``.</doc>
<msg timestamp="20210424 20:38:55.055" level="INFO">Opening browser 'Chrome' to base url 'about:blank'.</msg>
<status status="PASS" starttime="20210424 20:38:55.054" endtime="20210424 20:39:02.507"/>
</kw>
<status status="PASS" starttime="20210424 20:38:55.053" endtime="20210424 20:39:02.508"/>
</kw>
<kw name="Check RFT TopMenu" library="MyTestApp">
<kw name="Load" library="LandingPage">
<kw name="Go To" library="SeleniumLibrary">
<arg>${URL}</arg>
<doc>Navigates the current browser window to the provided ``url``.</doc>
<msg timestamp="20210424 20:39:02.510" level="INFO">Opening url 'http://www.robotframeworktutorial.com/front-office'</msg>
<status status="PASS" starttime="20210424 20:39:02.509" endtime="20210424 20:39:08.442"/>
</kw>
<status status="PASS" starttime="20210424 20:39:02.509" endtime="20210424 20:39:08.442"/>
</kw>
<kw name="Verify" library="LandingPage">
<kw name="Wait Until Page Contains" library="SeleniumLibrary">
<arg>${LandingPageVerificationString1}</arg>
<doc>Waits until ``text`` appears on the current page.</doc>
<status status="PASS" starttime="20210424 20:39:08.443" endtime="20210424 20:39:08.461"/>
</kw>
<kw name="Wait Until Page Contains" library="SeleniumLibrary">
<arg>${LandingPageVerificationString2}</arg>
<doc>Waits until ``text`` appears on the current page.</doc>
<status status="PASS" starttime="20210424 20:39:08.461" endtime="20210424 20:39:08.474"/>
</kw>
<status status="PASS" starttime="20210424 20:39:08.442" endtime="20210424 20:39:08.475"/>
</kw>
<kw name="Sleep" library="BuiltIn">
<arg>2s</arg>
<doc>Pauses the test executed for the given time.</doc>
<msg timestamp="20210424 20:39:10.476" level="INFO">Slept 2 seconds</msg>
<status status="PASS" starttime="20210424 20:39:08.475" endtime="20210424 20:39:10.477"/>
</kw>
<kw name="Check Team" library="TopMenu">
<kw name="Page Should Contain Link" library="SeleniumLibrary">
<arg>${TeamTab}</arg>
<doc>Verifies link identified by ``locator`` is found from current page.</doc>
<kw name="Capture Page Screenshot" library="SeleniumLibrary">
<doc>Takes a screenshot of the current page and embeds it into a log file.</doc>
<msg timestamp="20210424 20:39:11.216" level="INFO" html="true">&lt;/td&gt;&lt;/tr&gt;&lt;tr&gt;&lt;td colspan="3"&gt;&lt;a href="selenium-screenshot-8.png"&gt;&lt;img src="selenium-screenshot-8.png" width="800px"&gt;&lt;/a&gt;</msg>
<status status="PASS" starttime="20210424 20:39:10.534" endtime="20210424 20:39:11.216"/>
</kw>
<msg timestamp="20210424 20:39:11.327" level="FAIL">Page should have contained link 'href="#team"' but did not.</msg>
<status status="FAIL" starttime="20210424 20:39:10.478" endtime="20210424 20:39:11.327"/>
</kw>
<status status="FAIL" starttime="20210424 20:39:10.477" endtime="20210424 20:39:11.369"/>
</kw>
<kw name="Sleep" library="BuiltIn">
<arg>2s</arg>
<doc>Pauses the test executed for the given time.</doc>
<status status="NOT RUN" starttime="20210424 20:39:11.370" endtime="20210424 20:39:11.370"/>
</kw>
<status status="FAIL" starttime="20210424 20:39:02.508" endtime="20210424 20:39:11.371"/>
</kw>
<kw name="End Web Test" library="Common" type="TEARDOWN">
<kw name="Close Browser" library="SeleniumLibrary">
<doc>Closes the current browser.</doc>
<status status="PASS" starttime="20210424 20:39:11.373" endtime="20210424 20:39:12.053"/>
</kw>
<status status="PASS" starttime="20210424 20:39:11.372" endtime="20210424 20:39:12.053"/>
</kw>
<status status="FAIL" starttime="20210424 20:38:55.051" endtime="20210424 20:39:12.054">Page should have contained link 'href="#team"' but did not.</status>
</test>
<test id="s1-t3" name="Check TEAM">
<kw name="Begin Web Test" library="Common" type="SETUP">
<kw name="Open Browser" library="SeleniumLibrary">
<arg>${Blank}</arg>
<arg>${Browser}</arg>
<doc>Opens a new browser instance to the optional ``url``.</doc>
<msg timestamp="20210424 20:39:12.057" level="INFO">Opening browser 'Chrome' to base url 'about:blank'.</msg>
<status status="PASS" starttime="20210424 20:39:12.056" endtime="20210424 20:39:19.621"/>
</kw>
<status status="PASS" starttime="20210424 20:39:12.056" endtime="20210424 20:39:19.621"/>
</kw>
<kw name="Check Team" library="MyTestApp">
<kw name="Load" library="LandingPage">
<kw name="Go To" library="SeleniumLibrary">
<arg>${URL}</arg>
<doc>Navigates the current browser window to the provided ``url``.</doc>
<msg timestamp="20210424 20:39:19.623" level="INFO">Opening url 'http://www.robotframeworktutorial.com/front-office'</msg>
<status status="PASS" starttime="20210424 20:39:19.623" endtime="20210424 20:39:27.184"/>
</kw>
<status status="PASS" starttime="20210424 20:39:19.623" endtime="20210424 20:39:27.185"/>
</kw>
<kw name="Verify" library="LandingPage">
<kw name="Wait Until Page Contains" library="SeleniumLibrary">
<arg>${LandingPageVerificationString1}</arg>
<doc>Waits until ``text`` appears on the current page.</doc>
<status status="PASS" starttime="20210424 20:39:27.186" endtime="20210424 20:39:27.203"/>
</kw>
<kw name="Wait Until Page Contains" library="SeleniumLibrary">
<arg>${LandingPageVerificationString2}</arg>
<doc>Waits until ``text`` appears on the current page.</doc>
<status status="PASS" starttime="20210424 20:39:27.203" endtime="20210424 20:39:27.217"/>
</kw>
<status status="PASS" starttime="20210424 20:39:27.185" endtime="20210424 20:39:27.217"/>
</kw>
<kw name="Sleep" library="BuiltIn">
<arg>2s</arg>
<doc>Pauses the test executed for the given time.</doc>
<msg timestamp="20210424 20:39:29.219" level="INFO">Slept 2 seconds</msg>
<status status="PASS" starttime="20210424 20:39:27.218" endtime="20210424 20:39:29.220"/>
</kw>
<kw name="Open Team Page" library="TeamPage">
<kw name="Click Link" library="SeleniumLibrary">
<arg>${TeamTab}</arg>
<doc>Clicks a link identified by ``locator``.</doc>
<msg timestamp="20210424 20:39:29.222" level="INFO">Clicking link 'href="#team"'.</msg>
<kw name="Capture Page Screenshot" library="SeleniumLibrary">
<doc>Takes a screenshot of the current page and embeds it into a log file.</doc>
<msg timestamp="20210424 20:39:29.962" level="INFO" html="true">&lt;/td&gt;&lt;/tr&gt;&lt;tr&gt;&lt;td colspan="3"&gt;&lt;a href="selenium-screenshot-9.png"&gt;&lt;img src="selenium-screenshot-9.png" width="800px"&gt;&lt;/a&gt;</msg>
<status status="PASS" starttime="20210424 20:39:29.243" endtime="20210424 20:39:29.963"/>
</kw>
<msg timestamp="20210424 20:39:30.141" level="FAIL">Link with locator 'href="#team"' not found.</msg>
<status status="FAIL" starttime="20210424 20:39:29.221" endtime="20210424 20:39:30.141"/>
</kw>
<kw name="Sleep" library="BuiltIn">
<arg>2s</arg>
<doc>Pauses the test executed for the given time.</doc>
<status status="NOT RUN" starttime="20210424 20:39:30.142" endtime="20210424 20:39:30.142"/>
</kw>
<status status="FAIL" starttime="20210424 20:39:29.220" endtime="20210424 20:39:30.142"/>
</kw>
<kw name="Verify Team Page" library="TeamPage">
<status status="NOT RUN" starttime="20210424 20:39:30.143" endtime="20210424 20:39:30.143"/>
</kw>
<kw name="Sleep" library="BuiltIn">
<arg>2s</arg>
<doc>Pauses the test executed for the given time.</doc>
<status status="NOT RUN" starttime="20210424 20:39:30.143" endtime="20210424 20:39:30.144"/>
</kw>
<status status="FAIL" starttime="20210424 20:39:19.622" endtime="20210424 20:39:30.144"/>
</kw>
<kw name="End Web Test" library="Common" type="TEARDOWN">
<kw name="Close Browser" library="SeleniumLibrary">
<doc>Closes the current browser.</doc>
<status status="PASS" starttime="20210424 20:39:30.146" endtime="20210424 20:39:30.574"/>
</kw>
<status status="PASS" starttime="20210424 20:39:30.145" endtime="20210424 20:39:30.575"/>
</kw>
<status status="FAIL" starttime="20210424 20:39:12.055" endtime="20210424 20:39:30.575">Link with locator 'href="#team"' not found.</status>
</test>
<kw name="Cleanup Testing data" library="Common" type="TEARDOWN">
<kw name="Log" library="BuiltIn">
<arg>I am cleaning up the test data(base)</arg>
<doc>Logs the given message with the given level.</doc>
<msg timestamp="20210424 20:39:30.577" level="INFO">I am cleaning up the test data(base)</msg>
<status status="PASS" starttime="20210424 20:39:30.577" endtime="20210424 20:39:30.577"/>
</kw>
<status status="PASS" starttime="20210424 20:39:30.577" endtime="20210424 20:39:30.578"/>
</kw>
<status status="FAIL" starttime="20210424 20:38:27.938" endtime="20210424 20:39:30.578"/>
</suite>
<statistics>
<total>
<stat pass="1" fail="2" skip="0">All Tests</stat>
</total>
<tag>
</tag>
<suite>
<stat pass="1" fail="2" skip="0" id="s1" name="MyTest">MyTest</stat>
</suite>
</statistics>
<errors>
</errors>
</robot>
